[INFO] Scanning for projects...
[INFO] 
[INFO] ------------------------------------------------------------------------
[INFO] Building beauty_ssm 0.0.1-SNAPSHOT
[INFO] ------------------------------------------------------------------------
[INFO] 
[INFO] >>> jetty-maven-plugin:9.3.10.v20160621:run (default-cli) > test-compile @ beauty_ssm >>>
[INFO] 
[INFO] --- maven-resources-plugin:2.6:resources (default-resources) @ beauty_ssm ---
[INFO] Using 'UTF-8' encoding to copy filtered resources.
[INFO] Copying 16 resources
[INFO] 
[INFO] --- maven-compiler-plugin:2.3.2:compile (default-compile) @ beauty_ssm ---
[INFO] Nothing to compile - all classes are up to date
[INFO] 
[INFO] --- maven-resources-plugin:2.6:testResources (default-testResources) @ beauty_ssm ---
[INFO] Using 'UTF-8' encoding to copy filtered resources.
[INFO] skip non existing resourceDirectory /Users/such/IdeaProjects/beauty_ssm/src/test/resources
[INFO] 
[INFO] --- maven-compiler-plugin:2.3.2:testCompile (default-testCompile) @ beauty_ssm ---
[INFO] Nothing to compile - all classes are up to date
[INFO] 
[INFO] <<< jetty-maven-plugin:9.3.10.v20160621:run (default-cli) < test-compile @ beauty_ssm <<<
[INFO] 
[INFO] 
[INFO] --- jetty-maven-plugin:9.3.10.v20160621:run (default-cli) @ beauty_ssm ---
[INFO] Logging initialized @2243ms
[INFO] Configuring Jetty for project: beauty_ssm
[INFO] webAppSourceDirectory not set. Trying src/main/webapp
[INFO] Reload Mechanic: automatic
[INFO] Classes = /Users/such/IdeaProjects/beauty_ssm/target/classes
[INFO] Context path = /
[INFO] Tmp directory = /Users/such/IdeaProjects/beauty_ssm/target/tmp
[INFO] Web defaults = org/eclipse/jetty/webapp/webdefault.xml
[INFO] Web overrides =  none
[INFO] web.xml file = file:///Users/such/IdeaProjects/beauty_ssm/src/main/webapp/WEB-INF/web.xml
[INFO] Webapp directory = /Users/such/IdeaProjects/beauty_ssm/src/main/webapp
[INFO] jetty-9.3.10.v20160621
[INFO] No Spring WebApplicationInitializer types detected on classpath
[INFO] Initializing Spring FrameworkServlet 'spring-dispatcher'
2018-01-18 16:49:50,873 INFO[org.springframework.web.servlet.FrameworkServlet:488]- FrameworkServlet 'spring-dispatcher': initialization started
2018-01-18 16:49:50,892 INFO[org.springframework.context.support.AbstractApplicationContext:573]- Refreshing WebApplicationContext for namespace 'spring-dispatcher-servlet': startup date [Thu Jan 18 16:49:50 CST 2018]; root of context hierarchy
2018-01-18 16:49:50,917 INFO[org.springframework.beans.factory.xml.XmlBeanDefinitionReader:317]- Loading XML bean definitions from file [/Users/such/IdeaProjects/beauty_ssm/target/classes/spring/spring-api.xml]
2018-01-18 16:49:51,138 INFO[org.springframework.beans.factory.xml.XmlBeanDefinitionReader:317]- Loading XML bean definitions from file [/Users/such/IdeaProjects/beauty_ssm/target/classes/spring/spring-dao.xml]
2018-01-18 16:49:51,164 INFO[org.springframework.beans.factory.xml.XmlBeanDefinitionReader:317]- Loading XML bean definitions from file [/Users/such/IdeaProjects/beauty_ssm/target/classes/spring/spring-quartz.xml]
2018-01-18 16:49:51,199 INFO[org.springframework.beans.factory.xml.XmlBeanDefinitionReader:317]- Loading XML bean definitions from file [/Users/such/IdeaProjects/beauty_ssm/target/classes/spring/spring-redis.xml]
2018-01-18 16:49:51,325 INFO[org.springframework.beans.factory.xml.XmlBeanDefinitionReader:317]- Loading XML bean definitions from file [/Users/such/IdeaProjects/beauty_ssm/target/classes/spring/spring-service.xml]
2018-01-18 16:49:51,370 INFO[org.springframework.beans.factory.xml.XmlBeanDefinitionReader:317]- Loading XML bean definitions from file [/Users/such/IdeaProjects/beauty_ssm/target/classes/spring/spring-web.xml]
2018-01-18 16:49:51,402 INFO[org.springframework.beans.factory.support.DefaultListableBeanFactory:839]- Overriding bean definition for bean 'mvcUriComponentsContributor' with a different definition: replacing [Root bean: class [org.springframework.web.servlet.config.AnnotationDrivenBeanDefinitionParser$CompositeUriComponentsContributorFactoryBean]; scope=; abstract=false; lazyInit=false; autowireMode=0; dependencyCheck=0; autowireCandidate=true; primary=false; factoryBeanName=null; factoryMethodName=null; initMethodName=null; destroyMethodName=null] with [Root bean: class [org.springframework.web.servlet.config.AnnotationDrivenBeanDefinitionParser$CompositeUriComponentsContributorFactoryBean]; scope=; abstract=false; lazyInit=false; autowireMode=0; dependencyCheck=0; autowireCandidate=true; primary=false; factoryBeanName=null; factoryMethodName=null; initMethodName=null; destroyMethodName=null]
2018-01-18 16:49:51,596 INFO[org.springframework.core.io.support.PropertiesLoaderSupport:172]- Loading properties file from class path resource [jdbc.properties]
2018-01-18 16:49:51,606 INFO[org.springframework.core.io.support.PropertiesLoaderSupport:172]- Loading properties file from class path resource [redis.properties]
2018-01-18 16:49:51,613 INFO[org.springframework.beans.factory.annotation.AutowiredAnnotationBeanPostProcessor:153]- JSR-330 'javax.inject.Inject' annotation found and supported for autowiring
2018-01-18 16:49:52,452 INFO[com.alibaba.druid.pool.DruidDataSource:722]- {dataSource-1} inited
2018-01-18 16:49:52,977 INFO[org.springframework.web.servlet.handler.AbstractHandlerMethodMapping$MappingRegistry:532]- Mapped "{[/user/mine/api],methods=[GET]}" onto public java.util.Map com.yingjun.ssm.api.UserApiController.mine_api(java.lang.Long,java.lang.Long)
2018-01-18 16:49:52,978 INFO[org.springframework.web.servlet.handler.AbstractHandlerMethodMapping$MappingRegistry:532]- Mapped "{[/user/misc],methods=[GET]}" onto public java.util.Map com.yingjun.ssm.api.UserApiController.getUserMisc(org.springframework.ui.Model,java.lang.Integer,java.lang.Integer)
2018-01-18 16:49:52,984 INFO[org.springframework.web.servlet.handler.AbstractHandlerMethodMapping$MappingRegistry:532]- Mapped "{[/goods/add],methods=[GET]}" onto public java.lang.String com.yingjun.ssm.web.GoodsController.add()
2018-01-18 16:49:52,986 INFO[org.springframework.web.servlet.handler.AbstractHandlerMethodMapping$MappingRegistry:532]- Mapped "{[/goods/list],methods=[GET]}" onto public java.lang.String com.yingjun.ssm.web.GoodsController.list(org.springframework.ui.Model,java.lang.Integer,java.lang.Integer)
2018-01-18 16:49:52,986 INFO[org.springframework.web.servlet.handler.AbstractHandlerMethodMapping$MappingRegistry:532]- Mapped "{[/goods/adds],methods=[POST]}" onto public com.yingjun.ssm.dto.BaseResult<java.lang.Object> com.yingjun.ssm.web.GoodsController.addpost(java.lang.Long,com.yingjun.ssm.entity.Goods,org.springframework.validation.BindingResult)
2018-01-18 16:49:52,987 INFO[org.springframework.web.servlet.handler.AbstractHandlerMethodMapping$MappingRegistry:532]- Mapped "{[/goods/{goodsId}/buy],methods=[POST],produces=[application/json;charset=UTF-8]}" onto public com.yingjun.ssm.dto.BaseResult<java.lang.Object> com.yingjun.ssm.web.GoodsController.buy(java.lang.Long,com.yingjun.ssm.entity.Goods,org.springframework.validation.BindingResult)
2018-01-18 16:49:52,988 INFO[org.springframework.web.servlet.handler.AbstractHandlerMethodMapping$MappingRegistry:532]- Mapped "{[/orders/list],methods=[GET]}" onto public java.lang.String com.yingjun.ssm.web.OrdersController.list(org.springframework.ui.Model,java.lang.Integer,java.lang.Integer)
2018-01-18 16:49:52,994 INFO[org.springframework.web.servlet.handler.AbstractHandlerMethodMapping$MappingRegistry:532]- Mapped "{[/user/list],methods=[GET]}" onto public java.lang.String com.yingjun.ssm.web.UserController.list(org.springframework.ui.Model,java.lang.Integer,java.lang.Integer)
2018-01-18 16:49:52,994 INFO[org.springframework.web.servlet.handler.AbstractHandlerMethodMapping$MappingRegistry:532]- Mapped "{[/user/mineapi],methods=[GET]}" onto public java.lang.String com.yingjun.ssm.web.UserController.mineapi(org.springframework.ui.Model,java.lang.Long)
2018-01-18 16:49:52,995 INFO[org.springframework.web.servlet.handler.AbstractHandlerMethodMapping$MappingRegistry:532]- Mapped "{[/user/mine],methods=[GET]}" onto public java.lang.String com.yingjun.ssm.web.UserController.mine(org.springframework.ui.Model,java.lang.Long)
2018-01-18 16:49:52,996 INFO[org.springframework.web.servlet.handler.AbstractHandlerMethodMapping$MappingRegistry:532]- Mapped "{[/user/login01],methods=[GET]}" onto public java.lang.String com.yingjun.ssm.web.UserController.login01(org.springframework.ui.Model,java.lang.Integer,java.lang.Integer)
2018-01-18 16:49:52,996 INFO[org.springframework.web.servlet.handler.AbstractHandlerMethodMapping$MappingRegistry:532]- Mapped "{[/user/add],methods=[POST]}" onto public com.yingjun.ssm.dto.BaseResult<java.lang.Object> com.yingjun.ssm.web.UserController.userAdd(com.yingjun.ssm.entity.User,org.springframework.validation.BindingResult)
2018-01-18 16:49:52,997 INFO[org.springframework.web.servlet.handler.AbstractHandlerMethodMapping$MappingRegistry:532]- Mapped "{[/user/add],methods=[GET]}" onto public java.lang.String com.yingjun.ssm.web.UserController.userAdd(org.springframework.ui.Model,java.lang.Integer,java.lang.Integer)
2018-01-18 16:49:52,997 INFO[org.springframework.web.servlet.handler.AbstractHandlerMethodMapping$MappingRegistry:532]- Mapped "{[/user/assert],methods=[POST]}" onto public com.yingjun.ssm.dto.BaseResult<java.lang.Object> com.yingjun.ssm.web.UserController.assertLogin(com.yingjun.ssm.entity.User,org.springframework.validation.BindingResult)
2018-01-18 16:49:52,998 INFO[org.springframework.web.servlet.handler.AbstractHandlerMethodMapping$MappingRegistry:532]- Mapped "{[/user/login],methods=[GET]}" onto public java.lang.String com.yingjun.ssm.web.UserController.login(org.springframework.ui.Model,java.lang.Integer,java.lang.Integer)
2018-01-18 16:49:53,022 INFO[org.hibernate.validator.util.Version:24]- Hibernate Validator 4.2.0.Final
2018-01-18 16:49:53,331 INFO[org.springframework.web.servlet.mvc.method.annotation.RequestMappingHandlerAdapter:532]- Looking for @ControllerAdvice: WebApplicationContext for namespace 'spring-dispatcher-servlet': startup date [Thu Jan 18 16:49:50 CST 2018]; root of context hierarchy
2018-01-18 16:49:53,377 INFO[org.springframework.web.servlet.mvc.method.annotation.RequestMappingHandlerAdapter:532]- Looking for @ControllerAdvice: WebApplicationContext for namespace 'spring-dispatcher-servlet': startup date [Thu Jan 18 16:49:50 CST 2018]; root of context hierarchy
2018-01-18 16:49:53,427 INFO[org.springframework.web.servlet.handler.AbstractUrlHandlerMapping:341]- Mapped URL path [/**] onto handler 'org.springframework.web.servlet.resource.DefaultServletHttpRequestHandler#0'
2018-01-18 16:49:53,435 INFO[org.springframework.web.servlet.mvc.method.annotation.RequestMappingHandlerAdapter:532]- Looking for @ControllerAdvice: WebApplicationContext for namespace 'spring-dispatcher-servlet': startup date [Thu Jan 18 16:49:50 CST 2018]; root of context hierarchy
2018-01-18 16:49:53,549 INFO[org.springframework.web.servlet.handler.AbstractHandlerMethodMapping$MappingRegistry:532]- Mapped "{[/user/mine/api],methods=[GET]}" onto public java.util.Map com.yingjun.ssm.api.UserApiController.mine_api(java.lang.Long,java.lang.Long)
2018-01-18 16:49:53,549 INFO[org.springframework.web.servlet.handler.AbstractHandlerMethodMapping$MappingRegistry:532]- Mapped "{[/user/misc],methods=[GET]}" onto public java.util.Map com.yingjun.ssm.api.UserApiController.getUserMisc(org.springframework.ui.Model,java.lang.Integer,java.lang.Integer)
2018-01-18 16:49:53,551 INFO[org.springframework.web.servlet.handler.AbstractHandlerMethodMapping$MappingRegistry:532]- Mapped "{[/goods/add],methods=[GET]}" onto public java.lang.String com.yingjun.ssm.web.GoodsController.add()
2018-01-18 16:49:53,551 INFO[org.springframework.web.servlet.handler.AbstractHandlerMethodMapping$MappingRegistry:532]- Mapped "{[/goods/list],methods=[GET]}" onto public java.lang.String com.yingjun.ssm.web.GoodsController.list(org.springframework.ui.Model,java.lang.Integer,java.lang.Integer)
2018-01-18 16:49:53,552 INFO[org.springframework.web.servlet.handler.AbstractHandlerMethodMapping$MappingRegistry:532]- Mapped "{[/goods/adds],methods=[POST]}" onto public com.yingjun.ssm.dto.BaseResult<java.lang.Object> com.yingjun.ssm.web.GoodsController.addpost(java.lang.Long,com.yingjun.ssm.entity.Goods,org.springframework.validation.BindingResult)
2018-01-18 16:49:53,552 INFO[org.springframework.web.servlet.handler.AbstractHandlerMethodMapping$MappingRegistry:532]- Mapped "{[/goods/{goodsId}/buy],methods=[POST],produces=[application/json;charset=UTF-8]}" onto public com.yingjun.ssm.dto.BaseResult<java.lang.Object> com.yingjun.ssm.web.GoodsController.buy(java.lang.Long,com.yingjun.ssm.entity.Goods,org.springframework.validation.BindingResult)
2018-01-18 16:49:53,553 INFO[org.springframework.web.servlet.handler.AbstractHandlerMethodMapping$MappingRegistry:532]- Mapped "{[/orders/list],methods=[GET]}" onto public java.lang.String com.yingjun.ssm.web.OrdersController.list(org.springframework.ui.Model,java.lang.Integer,java.lang.Integer)
2018-01-18 16:49:53,555 INFO[org.springframework.web.servlet.handler.AbstractHandlerMethodMapping$MappingRegistry:532]- Mapped "{[/user/list],methods=[GET]}" onto public java.lang.String com.yingjun.ssm.web.UserController.list(org.springframework.ui.Model,java.lang.Integer,java.lang.Integer)
2018-01-18 16:49:53,555 INFO[org.springframework.web.servlet.handler.AbstractHandlerMethodMapping$MappingRegistry:532]- Mapped "{[/user/mineapi],methods=[GET]}" onto public java.lang.String com.yingjun.ssm.web.UserController.mineapi(org.springframework.ui.Model,java.lang.Long)
2018-01-18 16:49:53,556 INFO[org.springframework.web.servlet.handler.AbstractHandlerMethodMapping$MappingRegistry:532]- Mapped "{[/user/mine],methods=[GET]}" onto public java.lang.String com.yingjun.ssm.web.UserController.mine(org.springframework.ui.Model,java.lang.Long)
2018-01-18 16:49:53,556 INFO[org.springframework.web.servlet.handler.AbstractHandlerMethodMapping$MappingRegistry:532]- Mapped "{[/user/login01],methods=[GET]}" onto public java.lang.String com.yingjun.ssm.web.UserController.login01(org.springframework.ui.Model,java.lang.Integer,java.lang.Integer)
2018-01-18 16:49:53,556 INFO[org.springframework.web.servlet.handler.AbstractHandlerMethodMapping$MappingRegistry:532]- Mapped "{[/user/add],methods=[POST]}" onto public com.yingjun.ssm.dto.BaseResult<java.lang.Object> com.yingjun.ssm.web.UserController.userAdd(com.yingjun.ssm.entity.User,org.springframework.validation.BindingResult)
2018-01-18 16:49:53,557 INFO[org.springframework.web.servlet.handler.AbstractHandlerMethodMapping$MappingRegistry:532]- Mapped "{[/user/add],methods=[GET]}" onto public java.lang.String com.yingjun.ssm.web.UserController.userAdd(org.springframework.ui.Model,java.lang.Integer,java.lang.Integer)
2018-01-18 16:49:53,557 INFO[org.springframework.web.servlet.handler.AbstractHandlerMethodMapping$MappingRegistry:532]- Mapped "{[/user/assert],methods=[POST]}" onto public com.yingjun.ssm.dto.BaseResult<java.lang.Object> com.yingjun.ssm.web.UserController.assertLogin(com.yingjun.ssm.entity.User,org.springframework.validation.BindingResult)
2018-01-18 16:49:53,557 INFO[org.springframework.web.servlet.handler.AbstractHandlerMethodMapping$MappingRegistry:532]- Mapped "{[/user/login],methods=[GET]}" onto public java.lang.String com.yingjun.ssm.web.UserController.login(org.springframework.ui.Model,java.lang.Integer,java.lang.Integer)
2018-01-18 16:49:53,576 INFO[org.springframework.web.servlet.mvc.method.annotation.RequestMappingHandlerAdapter:532]- Looking for @ControllerAdvice: WebApplicationContext for namespace 'spring-dispatcher-servlet': startup date [Thu Jan 18 16:49:50 CST 2018]; root of context hierarchy
2018-01-18 16:49:53,594 INFO[org.springframework.web.servlet.handler.AbstractUrlHandlerMapping:341]- Mapped URL path [/**] onto handler 'org.springframework.web.servlet.resource.DefaultServletHttpRequestHandler#1'
2018-01-18 16:49:53,698 INFO[org.springframework.web.servlet.FrameworkServlet:507]- FrameworkServlet 'spring-dispatcher': initialization completed in 2823 ms
[INFO] Started o.e.j.m.p.JettyWebAppContext@7435a578{/,file:///Users/such/IdeaProjects/beauty_ssm/src/main/webapp/,AVAILABLE}{file:///Users/such/IdeaProjects/beauty_ssm/src/main/webapp/}
[INFO] Started ServerConnector@16d41725{HTTP/1.1,[http/1.1]}{localhost:8081}
[INFO] Started @7872ms
[INFO] Started Jetty Server
[INFO] Using Non-Native Java sun.nio.fs.PollingWatchService
[WARNING] Quiet Time is too low for non-native WatchService [sun.nio.fs.PollingWatchService]: 1000 < 5000 ms (defaulting to 5000 ms)
2018-01-18 16:50:00,004 INFO[com.yingjun.ssm.quartz.BizQuartz:56]- @Scheduled-------cacheClear()
2018-01-18 16:50:00,052 INFO[com.yingjun.ssm.quartz.BizQuartz:48]- @Scheduled--------addUserScore()
2018-01-18 16:51:00,003 INFO[com.yingjun.ssm.quartz.BizQuartz:48]- @Scheduled--------addUserScore()
2018-01-18 16:51:13,409 INFO[com.yingjun.ssm.aop.BindingResultAop:29]- before method invoking!
2018-01-18 16:51:13,430 INFO[com.yingjun.ssm.web.GoodsController:35]- invoke----------/goods/list
2018-01-18 16:51:13,559 INFO[com.yingjun.ssm.service.impl.GoodsServiceImpl:47]- put cache with key:cache|getGoodsList|0|50
2018-01-18 16:51:22,122 INFO[com.yingjun.ssm.aop.BindingResultAop:29]- before method invoking!
2018-01-18 16:51:22,152 INFO[com.yingjun.ssm.web.UserController:34]- invoke----------/user/list
2018-01-18 16:51:22,165 INFO[com.yingjun.ssm.service.impl.UserServiceImpl:41]- put cache with key:cache|getUserList|0|50
2018-01-18 16:51:34,097 INFO[com.yingjun.ssm.api.UserApiController:41]- invoke----------/user/mine/api-------------apiController
2018-01-18 16:51:34,118 INFO[com.yingjun.ssm.service.impl.UserServiceImpl:73]- 查询到userPhone对应的数据+User [userId=1005, userName=admin, userPhone=15810628719, createTime=Thu Oct 26 17:43:09 CST 2017, score=6587]
2018-01-18 16:51:34,118 INFO[com.yingjun.ssm.api.UserApiController:53]- invoke----------/user/mine/api+result={msg=获取用户信息成功, code=10000, data=User [userId=1005, userName=admin, userPhone=15810628719, createTime=Thu Oct 26 17:43:09 CST 2017, score=6587]}
2018-01-18 16:51:43,968 INFO[com.yingjun.ssm.aop.BindingResultAop:29]- before method invoking!
2018-01-18 16:51:43,969 INFO[com.yingjun.ssm.web.UserController:66]- invoke----------/user/mineapi
2018-01-18 16:51:43,972 INFO[com.yingjun.ssm.service.impl.UserServiceImpl:73]- 查询到userPhone对应的数据+User [userId=1005, userName=admin, userPhone=15810628719, createTime=Thu Oct 26 17:43:09 CST 2017, score=6587]
2018-01-18 16:51:44,158 INFO[com.yingjun.ssm.api.UserApiController:41]- invoke----------/user/mine/api-------------apiController
2018-01-18 16:51:44,161 INFO[com.yingjun.ssm.service.impl.UserServiceImpl:73]- 查询到userPhone对应的数据+User [userId=1005, userName=admin, userPhone=15810628719, createTime=Thu Oct 26 17:43:09 CST 2017, score=6587]
2018-01-18 16:51:44,161 INFO[com.yingjun.ssm.api.UserApiController:53]- invoke----------/user/mine/api+result={msg=获取用户信息成功, code=10000, data=User [userId=1005, userName=admin, userPhone=15810628719, createTime=Thu Oct 26 17:43:09 CST 2017, score=6587]}
2018-01-18 16:51:50,402 INFO[com.yingjun.ssm.aop.BindingResultAop:29]- before method invoking!
2018-01-18 16:51:50,402 INFO[com.yingjun.ssm.web.GoodsController:35]- invoke----------/goods/list
2018-01-18 16:51:50,407 INFO[com.yingjun.ssm.aop.BindingResultAop:29]- before method invoking!
2018-01-18 16:51:50,408 INFO[com.yingjun.ssm.aop.BindingResultAop:29]- before method invoking!
2018-01-18 16:51:50,408 INFO[com.yingjun.ssm.web.UserController:34]- invoke----------/user/list
2018-01-18 16:51:50,409 INFO[com.yingjun.ssm.aop.BindingResultAop:29]- before method invoking!
2018-01-18 16:51:50,411 INFO[com.yingjun.ssm.api.UserApiController:60]- invoke----------/user/misc
java.net.MalformedURLException: no protocol: /goods/list
	at java.net.URL.<init>(URL.java:593)
	at java.net.URL.<init>(URL.java:490)
	at java.net.URL.<init>(URL.java:439)
	at com.yingjun.common.HttpRequest.HttpUtil.get(HttpUtil.java:27)
	at com.yingjun.ssm.api.UserApiController.getUserMisc(UserApiController.java:74)
	at sun.reflect.NativeMethodAccessorImpl.invoke0(Native Method)
	at sun.reflect.NativeMethodAccessorImpl.invoke(NativeMethodAccessorImpl.java:62)
	at sun.reflect.DelegatingMethodAccessorImpl.invoke(DelegatingMethodAccessorImpl.java:43)
	at java.lang.reflect.Method.invoke(Method.java:498)
	at org.springframework.web.method.support.InvocableHandlerMethod.doInvoke(InvocableHandlerMethod.java:221)
	at org.springframework.web.method.support.InvocableHandlerMethod.invokeForRequest(InvocableHandlerMethod.java:137)
	at org.springframework.web.servlet.mvc.method.annotation.ServletInvocableHandlerMethod.invokeAndHandle(ServletInvocableHandlerMethod.java:111)
	at org.springframework.web.servlet.mvc.method.annotation.RequestMappingHandlerAdapter.invokeHandlerMethod(RequestMappingHandlerAdapter.java:806)
	at org.springframework.web.servlet.mvc.method.annotation.RequestMappingHandlerAdapter.handleInternal(RequestMappingHandlerAdapter.java:729)
	at org.springframework.web.servlet.mvc.method.AbstractHandlerMethodAdapter.handle(AbstractHandlerMethodAdapter.java:85)
	at org.springframework.web.servlet.DispatcherServlet.doDispatch(DispatcherServlet.java:959)
	at org.springframework.web.servlet.DispatcherServlet.doService(DispatcherServlet.java:893)
	at org.springframework.web.servlet.FrameworkServlet.processRequest(FrameworkServlet.java:970)
	at org.springframework.web.servlet.FrameworkServlet.doGet(FrameworkServlet.java:861)
	at javax.servlet.http.HttpServlet.service(HttpServlet.java:687)
	at org.springframework.web.servlet.FrameworkServlet.service(FrameworkServlet.java:846)
	at javax.servlet.http.HttpServlet.service(HttpServlet.java:790)
	at org.eclipse.jetty.servlet.ServletHolder.handle(ServletHolder.java:845)
	at org.eclipse.jetty.servlet.ServletHandler$CachedChain.doFilter(ServletHandler.java:1689)
	at com.alibaba.druid.support.http.WebStatFilter.doFilter(WebStatFilter.java:123)
	at org.eclipse.jetty.servlet.ServletHandler$CachedChain.doFilter(ServletHandler.java:1668)
	at org.eclipse.jetty.servlet.ServletHandler.doHandle(ServletHandler.java:581)
	at org.eclipse.jetty.server.handler.ScopedHandler.handle(ScopedHandler.java:143)
	at org.eclipse.jetty.security.SecurityHandler.handle(SecurityHandler.java:548)
	at org.eclipse.jetty.server.session.SessionHandler.doHandle(SessionHandler.java:226)
	at org.eclipse.jetty.server.handler.ContextHandler.doHandle(ContextHandler.java:1180)
	at org.eclipse.jetty.servlet.ServletHandler.doScope(ServletHandler.java:511)
	at org.eclipse.jetty.server.session.SessionHandler.doScope(SessionHandler.java:185)
	at org.eclipse.jetty.server.handler.ContextHandler.doScope(ContextHandler.java:1112)
	at org.eclipse.jetty.server.handler.ScopedHandler.handle(ScopedHandler.java:141)
	at org.eclipse.jetty.server.handler.ContextHandlerCollection.handle(ContextHandlerCollection.java:213)
	at org.eclipse.jetty.server.handler.HandlerCollection.handle(HandlerCollection.java:119)
	at org.eclipse.jetty.server.handler.HandlerWrapper.handle(HandlerWrapper.java:134)
	at org.eclipse.jetty.server.Server.handle(Server.java:524)
	at org.eclipse.jetty.server.HttpChannel.handle(HttpChannel.java:319)
	at org.eclipse.jetty.server.HttpConnection.onFillable(HttpConnection.java:253)
	at org.eclipse.jetty.io.AbstractConnection$ReadCallback.succeeded(AbstractConnection.java:273)
	at org.eclipse.jetty.io.FillInterest.fillable(FillInterest.java:95)
	at org.eclipse.jetty.io.SelectChannelEndPoint$2.run(SelectChannelEndPoint.java:93)
	at org.eclipse.jetty.util.thread.strategy.ExecuteProduceConsume.executeProduceConsume(ExecuteProduceConsume.java:303)
	at org.eclipse.jetty.util.thread.strategy.ExecuteProduceConsume.produceConsume(ExecuteProduceConsume.java:148)
	at org.eclipse.jetty.util.thread.strategy.ExecuteProduceConsume.run(ExecuteProduceConsume.java:136)
	at org.eclipse.jetty.util.thread.QueuedThreadPool.runJob(QueuedThreadPool.java:671)
	at org.eclipse.jetty.util.thread.QueuedThreadPool$2.run(QueuedThreadPool.java:589)
	at java.lang.Thread.run(Thread.java:745)
2018-01-18 16:51:50,421 INFO[com.yingjun.ssm.api.UserApiController:75]- 
2018-01-18 16:51:50,421 INFO[com.yingjun.ssm.web.UserController:44]- invoke----------/user/login
2018-01-18 16:51:50,421 INFO[com.yingjun.ssm.web.OrdersController:26]- invoke----------/orders/list
2018-01-18 16:51:50,632 INFO[com.yingjun.ssm.service.impl.UserServiceImpl:43]- get cache with key:cache|getUserList|0|50
2018-01-18 16:51:50,633 INFO[com.yingjun.ssm.service.impl.GoodsServiceImpl:42]- get cache with key:cache|getGoodsList|0|50
2018-01-18 16:51:50,670 INFO[com.yingjun.ssm.service.impl.OrderServiceImpl:34]- put cache with key:cache|getOrderList|0|50
2018-01-18 16:51:50,671 INFO[com.yingjun.ssm.aop.BindingResultAop:29]- before method invoking!
2018-01-18 16:51:50,671 INFO[com.yingjun.ssm.web.UserController:66]- invoke----------/user/mineapi
2018-01-18 16:51:50,689 INFO[com.yingjun.ssm.service.impl.UserServiceImpl:73]- 查询到userPhone对应的数据+User [userId=1005, userName=admin, userPhone=15810628719, createTime=Thu Oct 26 17:43:09 CST 2017, score=6587]
2018-01-18 16:51:51,229 INFO[com.yingjun.ssm.api.UserApiController:41]- invoke----------/user/mine/api-------------apiController
2018-01-18 16:51:51,231 INFO[com.yingjun.ssm.service.impl.UserServiceImpl:73]- 查询到userPhone对应的数据+User [userId=1005, userName=admin, userPhone=15810628719, createTime=Thu Oct 26 17:43:09 CST 2017, score=6587]
2018-01-18 16:51:51,231 INFO[com.yingjun.ssm.api.UserApiController:53]- invoke----------/user/mine/api+result={msg=获取用户信息成功, code=10000, data=User [userId=1005, userName=admin, userPhone=15810628719, createTime=Thu Oct 26 17:43:09 CST 2017, score=6587]}
2018-01-18 16:52:00,001 INFO[com.yingjun.ssm.quartz.BizQuartz:48]- @Scheduled--------addUserScore()
2018-01-18 16:52:03,413 INFO[com.yingjun.ssm.aop.BindingResultAop:29]- before method invoking!
2018-01-18 16:52:03,413 INFO[com.yingjun.ssm.web.GoodsController:35]- invoke----------/goods/list
2018-01-18 16:52:03,416 INFO[com.yingjun.ssm.aop.BindingResultAop:29]- before method invoking!
2018-01-18 16:52:03,417 INFO[com.yingjun.ssm.web.OrdersController:26]- invoke----------/orders/list
2018-01-18 16:52:03,421 INFO[com.yingjun.ssm.aop.BindingResultAop:29]- before method invoking!
2018-01-18 16:52:03,421 INFO[com.yingjun.ssm.aop.BindingResultAop:29]- before method invoking!
2018-01-18 16:52:03,422 INFO[com.yingjun.ssm.web.UserController:44]- invoke----------/user/login
2018-01-18 16:52:03,422 INFO[com.yingjun.ssm.web.UserController:34]- invoke----------/user/list
2018-01-18 16:52:03,435 INFO[com.yingjun.ssm.api.UserApiController:60]- invoke----------/user/misc
java.net.MalformedURLException: no protocol: /goods/list
	at java.net.URL.<init>(URL.java:593)
	at java.net.URL.<init>(URL.java:490)
	at java.net.URL.<init>(URL.java:439)
	at com.yingjun.common.HttpRequest.HttpUtil.get(HttpUtil.java:27)
	at com.yingjun.ssm.api.UserApiController.getUserMisc(UserApiController.java:74)
	at sun.reflect.NativeMethodAccessorImpl.invoke0(Native Method)
	at sun.reflect.NativeMethodAccessorImpl.invoke(NativeMethodAccessorImpl.java:62)
	at sun.reflect.DelegatingMethodAccessorImpl.invoke(DelegatingMethodAccessorImpl.java:43)
	at java.lang.reflect.Method.invoke(Method.java:498)
	at org.springframework.web.method.support.InvocableHandlerMethod.doInvoke(InvocableHandlerMethod.java:221)
	at org.springframework.web.method.support.InvocableHandlerMethod.invokeForRequest(InvocableHandlerMethod.java:137)
	at org.springframework.web.servlet.mvc.method.annotation.ServletInvocableHandlerMethod.invokeAndHandle(ServletInvocableHandlerMethod.java:111)
	at org.springframework.web.servlet.mvc.method.annotation.RequestMappingHandlerAdapter.invokeHandlerMethod(RequestMappingHandlerAdapter.java:806)
	at org.springframework.web.servlet.mvc.method.annotation.RequestMappingHandlerAdapter.handleInternal(RequestMappingHandlerAdapter.java:729)
	at org.springframework.web.servlet.mvc.method.AbstractHandlerMethodAdapter.handle(AbstractHandlerMethodAdapter.java:85)
	at org.springframework.web.servlet.DispatcherServlet.doDispatch(DispatcherServlet.java:959)
	at org.springframework.web.servlet.DispatcherServlet.doService(DispatcherServlet.java:893)
	at org.springframework.web.servlet.FrameworkServlet.processRequest(FrameworkServlet.java:970)
	at org.springframework.web.servlet.FrameworkServlet.doGet(FrameworkServlet.java:861)
	at javax.servlet.http.HttpServlet.service(HttpServlet.java:687)
	at org.springframework.web.servlet.FrameworkServlet.service(FrameworkServlet.java:846)
	at javax.servlet.http.HttpServlet.service(HttpServlet.java:790)
	at org.eclipse.jetty.servlet.ServletHolder.handle(ServletHolder.java:845)
	at org.eclipse.jetty.servlet.ServletHandler$CachedChain.doFilter(ServletHandler.java:1689)
	at com.alibaba.druid.support.http.WebStatFilter.doFilter(WebStatFilter.java:123)
	at org.eclipse.jetty.servlet.ServletHandler$CachedChain.doFilter(ServletHandler.java:1668)
	at org.eclipse.jetty.servlet.ServletHandler.doHandle(ServletHandler.java:581)
	at org.eclipse.jetty.server.handler.ScopedHandler.handle(ScopedHandler.java:143)
	at org.eclipse.jetty.security.SecurityHandler.handle(SecurityHandler.java:548)
	at org.eclipse.jetty.server.session.SessionHandler.doHandle(SessionHandler.java:226)
	at org.eclipse.jetty.server.handler.ContextHandler.doHandle(ContextHandler.java:1180)
	at org.eclipse.jetty.servlet.ServletHandler.doScope(ServletHandler.java:511)
	at org.eclipse.jetty.server.session.SessionHandler.doScope(SessionHandler.java:185)
	at org.eclipse.jetty.server.handler.ContextHandler.doScope(ContextHandler.java:1112)
	at org.eclipse.jetty.server.handler.ScopedHandler.handle(ScopedHandler.java:141)
	at org.eclipse.jetty.server.handler.ContextHandlerCollection.handle(ContextHandlerCollection.java:213)
	at org.eclipse.jetty.server.handler.HandlerCollection.handle(HandlerCollection.java:119)
	at org.eclipse.jetty.server.handler.HandlerWrapper.handle(HandlerWrapper.java:134)
	at org.eclipse.jetty.server.Server.handle(Server.java:524)
	at org.eclipse.jetty.server.HttpChannel.handle(HttpChannel.java:319)
	at org.eclipse.jetty.server.HttpConnection.onFillable(HttpConnection.java:253)
	at org.eclipse.jetty.io.AbstractConnection$ReadCallback.succeeded(AbstractConnection.java:273)
	at org.eclipse.jetty.io.FillInterest.fillable(FillInterest.java:95)
	at org.eclipse.jetty.io.SelectChannelEndPoint$2.run(SelectChannelEndPoint.java:93)
	at org.eclipse.jetty.util.thread.strategy.ExecuteProduceConsume.executeProduceConsume(ExecuteProduceConsume.java:303)
	at org.eclipse.jetty.util.thread.strategy.ExecuteProduceConsume.produceConsume(ExecuteProduceConsume.java:148)
	at org.eclipse.jetty.util.thread.strategy.ExecuteProduceConsume.run(ExecuteProduceConsume.java:136)
	at org.eclipse.jetty.util.thread.QueuedThreadPool.runJob(QueuedThreadPool.java:671)
	at org.eclipse.jetty.util.thread.QueuedThreadPool$2.run(QueuedThreadPool.java:589)
	at java.lang.Thread.run(Thread.java:745)
2018-01-18 16:52:03,436 INFO[com.yingjun.ssm.api.UserApiController:75]- 
2018-01-18 16:52:03,496 INFO[com.yingjun.ssm.service.impl.UserServiceImpl:43]- get cache with key:cache|getUserList|0|50
2018-01-18 16:52:03,499 INFO[com.yingjun.ssm.service.impl.GoodsServiceImpl:42]- get cache with key:cache|getGoodsList|0|50
2018-01-18 16:52:03,499 INFO[com.yingjun.ssm.service.impl.OrderServiceImpl:36]- get cache with key:cache|getOrderList|0|50
2018-01-18 16:52:03,576 INFO[com.yingjun.ssm.aop.BindingResultAop:29]- before method invoking!
2018-01-18 16:52:03,576 INFO[com.yingjun.ssm.web.UserController:66]- invoke----------/user/mineapi
2018-01-18 16:52:03,597 INFO[com.yingjun.ssm.service.impl.UserServiceImpl:73]- 查询到userPhone对应的数据+User [userId=1005, userName=admin, userPhone=15810628719, createTime=Thu Oct 26 17:43:09 CST 2017, score=6588]
2018-01-18 16:52:03,915 INFO[com.yingjun.ssm.api.UserApiController:41]- invoke----------/user/mine/api-------------apiController
2018-01-18 16:52:03,924 INFO[com.yingjun.ssm.service.impl.UserServiceImpl:73]- 查询到userPhone对应的数据+User [userId=1005, userName=admin, userPhone=15810628719, createTime=Thu Oct 26 17:43:09 CST 2017, score=6588]
2018-01-18 16:52:03,924 INFO[com.yingjun.ssm.api.UserApiController:53]- invoke----------/user/mine/api+result={msg=获取用户信息成功, code=10000, data=User [userId=1005, userName=admin, userPhone=15810628719, createTime=Thu Oct 26 17:43:09 CST 2017, score=6588]}
2018-01-18 16:52:14,558 INFO[com.yingjun.ssm.aop.BindingResultAop:29]- before method invoking!
2018-01-18 16:52:14,559 INFO[com.yingjun.ssm.web.UserController:44]- invoke----------/user/login
2018-01-18 16:52:43,742 INFO[com.yingjun.ssm.aop.BindingResultAop:29]- before method invoking!
2018-01-18 16:52:43,745 INFO[com.yingjun.ssm.web.UserController:119]- invoke----------/user/assert
2018-01-18 16:52:43,749 INFO[com.yingjun.ssm.service.impl.UserServiceImpl:54]- -----------id=1005
2018-01-18 16:52:45,356 INFO[com.yingjun.ssm.aop.BindingResultAop:29]- before method invoking!
2018-01-18 16:52:45,356 INFO[com.yingjun.ssm.web.UserController:66]- invoke----------/user/mineapi
2018-01-18 16:52:45,521 INFO[com.yingjun.ssm.api.UserApiController:41]- invoke----------/user/mine/api-------------apiController
2018-01-18 16:52:45,527 INFO[com.yingjun.ssm.service.impl.UserServiceImpl:73]- 查询到userPhone对应的数据+User [userId=1005, userName=admin, userPhone=15810628719, createTime=Thu Oct 26 17:43:09 CST 2017, score=6588]
2018-01-18 16:52:45,527 INFO[com.yingjun.ssm.api.UserApiController:53]- invoke----------/user/mine/api+result={msg=获取用户信息成功, code=10000, data=User [userId=1005, userName=admin, userPhone=15810628719, createTime=Thu Oct 26 17:43:09 CST 2017, score=6588]}
2018-01-18 16:52:54,492 INFO[com.yingjun.ssm.aop.BindingResultAop:29]- before method invoking!
2018-01-18 16:52:54,493 INFO[com.yingjun.ssm.web.GoodsController:35]- invoke----------/goods/list
2018-01-18 16:52:54,505 INFO[com.yingjun.ssm.aop.BindingResultAop:29]- before method invoking!
2018-01-18 16:52:54,506 INFO[com.yingjun.ssm.web.OrdersController:26]- invoke----------/orders/list
2018-01-18 16:52:54,506 INFO[com.yingjun.ssm.aop.BindingResultAop:29]- before method invoking!
2018-01-18 16:52:54,506 INFO[com.yingjun.ssm.web.UserController:44]- invoke----------/user/login
2018-01-18 16:52:54,507 INFO[com.yingjun.ssm.api.UserApiController:60]- invoke----------/user/misc
java.net.MalformedURLException: no protocol: /goods/list
	at java.net.URL.<init>(URL.java:593)
	at java.net.URL.<init>(URL.java:490)
	at java.net.URL.<init>(URL.java:439)
	at com.yingjun.common.HttpRequest.HttpUtil.get(HttpUtil.java:27)
	at com.yingjun.ssm.api.UserApiController.getUserMisc(UserApiController.java:74)
	at sun.reflect.NativeMethodAccessorImpl.invoke0(Native Method)
	at sun.reflect.NativeMethodAccessorImpl.invoke(NativeMethodAccessorImpl.java:62)
	at sun.reflect.DelegatingMethodAccessorImpl.invoke(DelegatingMethodAccessorImpl.java:43)
	at java.lang.reflect.Method.invoke(Method.java:498)
	at org.springframework.web.method.support.InvocableHandlerMethod.doInvoke(InvocableHandlerMethod.java:221)
	at org.springframework.web.method.support.InvocableHandlerMethod.invokeForRequest(InvocableHandlerMethod.java:137)
	at org.springframework.web.servlet.mvc.method.annotation.ServletInvocableHandlerMethod.invokeAndHandle(ServletInvocableHandlerMethod.java:111)
	at org.springframework.web.servlet.mvc.method.annotation.RequestMappingHandlerAdapter.invokeHandlerMethod(RequestMappingHandlerAdapter.java:806)
	at org.springframework.web.servlet.mvc.method.annotation.RequestMappingHandlerAdapter.handleInternal(RequestMappingHandlerAdapter.java:729)
	at org.springframework.web.servlet.mvc.method.AbstractHandlerMethodAdapter.handle(AbstractHandlerMethodAdapter.java:85)
	at org.springframework.web.servlet.DispatcherServlet.doDispatch(DispatcherServlet.java:959)
	at org.springframework.web.servlet.DispatcherServlet.doService(DispatcherServlet.java:893)
	at org.springframework.web.servlet.FrameworkServlet.processRequest(FrameworkServlet.java:970)
	at org.springframework.web.servlet.FrameworkServlet.doGet(FrameworkServlet.java:861)
	at javax.servlet.http.HttpServlet.service(HttpServlet.java:687)
	at org.springframework.web.servlet.FrameworkServlet.service(FrameworkServlet.java:846)
	at javax.servlet.http.HttpServlet.service(HttpServlet.java:790)
	at org.eclipse.jetty.servlet.ServletHolder.handle(ServletHolder.java:845)
	at org.eclipse.jetty.servlet.ServletHandler$CachedChain.doFilter(ServletHandler.java:1689)
	at com.alibaba.druid.support.http.WebStatFilter.doFilter(WebStatFilter.java:123)
	at org.eclipse.jetty.servlet.ServletHandler$CachedChain.doFilter(ServletHandler.java:1668)
	at org.eclipse.jetty.servlet.ServletHandler.doHandle(ServletHandler.java:581)
	at org.eclipse.jetty.server.handler.ScopedHandler.handle(ScopedHandler.java:143)
	at org.eclipse.jetty.security.SecurityHandler.handle(SecurityHandler.java:548)
	at org.eclipse.jetty.server.session.SessionHandler.doHandle(SessionHandler.java:226)
	at org.eclipse.jetty.server.handler.ContextHandler.doHandle(ContextHandler.java:1180)
	at org.eclipse.jetty.servlet.ServletHandler.doScope(ServletHandler.java:511)
	at org.eclipse.jetty.server.session.SessionHandler.doScope(SessionHandler.java:185)
	at org.eclipse.jetty.server.handler.ContextHandler.doScope(ContextHandler.java:1112)
	at org.eclipse.jetty.server.handler.ScopedHandler.handle(ScopedHandler.java:141)
	at org.eclipse.jetty.server.handler.ContextHandlerCollection.handle(ContextHandlerCollection.java:213)
	at org.eclipse.jetty.server.handler.HandlerCollection.handle(HandlerCollection.java:119)
	at org.eclipse.jetty.server.handler.HandlerWrapper.handle(HandlerWrapper.java:134)
	at org.eclipse.jetty.server.Server.handle(Server.java:524)
	at org.eclipse.jetty.server.HttpChannel.handle(HttpChannel.java:319)
	at org.eclipse.jetty.server.HttpConnection.onFillable(HttpConnection.java:253)
	at org.eclipse.jetty.io.AbstractConnection$ReadCallback.succeeded(AbstractConnection.java:273)
	at org.eclipse.jetty.io.FillInterest.fillable(FillInterest.java:95)
	at org.eclipse.jetty.io.SelectChannelEndPoint$2.run(SelectChannelEndPoint.java:93)
	at org.eclipse.jetty.util.thread.strategy.ExecuteProduceConsume.executeProduceConsume(ExecuteProduceConsume.java:303)
	at org.eclipse.jetty.util.thread.strategy.ExecuteProduceConsume.produceConsume(ExecuteProduceConsume.java:148)
	at org.eclipse.jetty.util.thread.strategy.ExecuteProduceConsume.run(ExecuteProduceConsume.java:136)
	at org.eclipse.jetty.util.thread.QueuedThreadPool.runJob(QueuedThreadPool.java:671)
	at org.eclipse.jetty.util.thread.QueuedThreadPool$2.run(QueuedThreadPool.java:589)
	at java.lang.Thread.run(Thread.java:745)
2018-01-18 16:52:54,508 INFO[com.yingjun.ssm.api.UserApiController:75]- 
2018-01-18 16:52:54,505 INFO[com.yingjun.ssm.aop.BindingResultAop:29]- before method invoking!
2018-01-18 16:52:54,510 INFO[com.yingjun.ssm.web.UserController:34]- invoke----------/user/list
2018-01-18 16:52:54,546 INFO[com.yingjun.ssm.service.impl.UserServiceImpl:41]- put cache with key:cache|getUserList|0|50
2018-01-18 16:52:54,572 INFO[com.yingjun.ssm.service.impl.GoodsServiceImpl:47]- put cache with key:cache|getGoodsList|0|50
2018-01-18 16:52:54,573 INFO[com.yingjun.ssm.service.impl.OrderServiceImpl:34]- put cache with key:cache|getOrderList|0|50
2018-01-18 16:52:54,646 INFO[com.yingjun.ssm.aop.BindingResultAop:29]- before method invoking!
2018-01-18 16:52:54,646 INFO[com.yingjun.ssm.web.UserController:66]- invoke----------/user/mineapi
2018-01-18 16:52:54,664 INFO[com.yingjun.ssm.service.impl.UserServiceImpl:73]- 查询到userPhone对应的数据+User [userId=1005, userName=admin, userPhone=15810628719, createTime=Thu Oct 26 17:43:09 CST 2017, score=6588]
2018-01-18 16:52:54,936 INFO[com.yingjun.ssm.api.UserApiController:41]- invoke----------/user/mine/api-------------apiController
2018-01-18 16:52:54,939 INFO[com.yingjun.ssm.service.impl.UserServiceImpl:73]- 查询到userPhone对应的数据+User [userId=1005, userName=admin, userPhone=15810628719, createTime=Thu Oct 26 17:43:09 CST 2017, score=6588]
2018-01-18 16:52:54,939 INFO[com.yingjun.ssm.api.UserApiController:53]- invoke----------/user/mine/api+result={msg=获取用户信息成功, code=10000, data=User [userId=1005, userName=admin, userPhone=15810628719, createTime=Thu Oct 26 17:43:09 CST 2017, score=6588]}
2018-01-18 16:53:00,001 INFO[com.yingjun.ssm.quartz.BizQuartz:48]- @Scheduled--------addUserScore()
2018-01-18 16:54:00,005 INFO[com.yingjun.ssm.quartz.BizQuartz:48]- @Scheduled--------addUserScore()
2018-01-18 16:55:00,003 INFO[com.yingjun.ssm.quartz.BizQuartz:48]- @Scheduled--------addUserScore()
2018-01-18 16:55:00,026 INFO[com.yingjun.ssm.quartz.BizQuartz:56]- @Scheduled-------cacheClear()
2018-01-18 16:56:00,001 INFO[com.yingjun.ssm.quartz.BizQuartz:48]- @Scheduled--------addUserScore()
2018-01-18 16:56:07,309 INFO[com.yingjun.ssm.aop.BindingResultAop:29]- before method invoking!
2018-01-18 16:56:07,311 INFO[com.yingjun.ssm.web.GoodsController:35]- invoke----------/goods/list
2018-01-18 16:56:07,321 INFO[com.yingjun.ssm.service.impl.GoodsServiceImpl:47]- put cache with key:cache|getGoodsList|0|50
2018-01-18 16:57:00,005 INFO[com.yingjun.ssm.quartz.BizQuartz:48]- @Scheduled--------addUserScore()
2018-01-18 16:58:00,001 INFO[com.yingjun.ssm.quartz.BizQuartz:48]- @Scheduled--------addUserScore()
2018-01-18 16:59:00,003 INFO[com.yingjun.ssm.quartz.BizQuartz:48]- @Scheduled--------addUserScore()
2018-01-18 16:59:32,422 INFO[com.yingjun.ssm.aop.BindingResultAop:29]- before method invoking!
2018-01-18 16:59:32,427 INFO[com.yingjun.ssm.web.GoodsController:35]- invoke----------/goods/list
2018-01-18 16:59:32,430 INFO[com.yingjun.ssm.aop.BindingResultAop:29]- before method invoking!
2018-01-18 16:59:32,430 INFO[com.yingjun.ssm.web.OrdersController:26]- invoke----------/orders/list
2018-01-18 16:59:32,430 INFO[com.yingjun.ssm.aop.BindingResultAop:29]- before method invoking!
2018-01-18 16:59:32,431 INFO[com.yingjun.ssm.web.UserController:34]- invoke----------/user/list
2018-01-18 16:59:32,438 INFO[com.yingjun.ssm.aop.BindingResultAop:29]- before method invoking!
2018-01-18 16:59:32,439 INFO[com.yingjun.ssm.web.UserController:44]- invoke----------/user/login
2018-01-18 16:59:32,441 INFO[com.yingjun.ssm.api.UserApiController:60]- invoke----------/user/misc
java.net.MalformedURLException: no protocol: /goods/list
	at java.net.URL.<init>(URL.java:593)
	at java.net.URL.<init>(URL.java:490)
	at java.net.URL.<init>(URL.java:439)
	at com.yingjun.common.HttpRequest.HttpUtil.get(HttpUtil.java:27)
	at com.yingjun.ssm.api.UserApiController.getUserMisc(UserApiController.java:74)
	at sun.reflect.NativeMethodAccessorImpl.invoke0(Native Method)
	at sun.reflect.NativeMethodAccessorImpl.invoke(NativeMethodAccessorImpl.java:62)
	at sun.reflect.DelegatingMethodAccessorImpl.invoke(DelegatingMethodAccessorImpl.java:43)
	at java.lang.reflect.Method.invoke(Method.java:498)
	at org.springframework.web.method.support.InvocableHandlerMethod.doInvoke(InvocableHandlerMethod.java:221)
	at org.springframework.web.method.support.InvocableHandlerMethod.invokeForRequest(InvocableHandlerMethod.java:137)
	at org.springframework.web.servlet.mvc.method.annotation.ServletInvocableHandlerMethod.invokeAndHandle(ServletInvocableHandlerMethod.java:111)
	at org.springframework.web.servlet.mvc.method.annotation.RequestMappingHandlerAdapter.invokeHandlerMethod(RequestMappingHandlerAdapter.java:806)
	at org.springframework.web.servlet.mvc.method.annotation.RequestMappingHandlerAdapter.handleInternal(RequestMappingHandlerAdapter.java:729)
	at org.springframework.web.servlet.mvc.method.AbstractHandlerMethodAdapter.handle(AbstractHandlerMethodAdapter.java:85)
	at org.springframework.web.servlet.DispatcherServlet.doDispatch(DispatcherServlet.java:959)
	at org.springframework.web.servlet.DispatcherServlet.doService(DispatcherServlet.java:893)
	at org.springframework.web.servlet.FrameworkServlet.processRequest(FrameworkServlet.java:970)
	at org.springframework.web.servlet.FrameworkServlet.doGet(FrameworkServlet.java:861)
	at javax.servlet.http.HttpServlet.service(HttpServlet.java:687)
	at org.springframework.web.servlet.FrameworkServlet.service(FrameworkServlet.java:846)
	at javax.servlet.http.HttpServlet.service(HttpServlet.java:790)
	at org.eclipse.jetty.servlet.ServletHolder.handle(ServletHolder.java:845)
	at org.eclipse.jetty.servlet.ServletHandler$CachedChain.doFilter(ServletHandler.java:1689)
	at com.alibaba.druid.support.http.WebStatFilter.doFilter(WebStatFilter.java:123)
	at org.eclipse.jetty.servlet.ServletHandler$CachedChain.doFilter(ServletHandler.java:1668)
	at org.eclipse.jetty.servlet.ServletHandler.doHandle(ServletHandler.java:581)
	at org.eclipse.jetty.server.handler.ScopedHandler.handle(ScopedHandler.java:143)
	at org.eclipse.jetty.security.SecurityHandler.handle(SecurityHandler.java:548)
	at org.eclipse.jetty.server.session.SessionHandler.doHandle(SessionHandler.java:226)
	at org.eclipse.jetty.server.handler.ContextHandler.doHandle(ContextHandler.java:1180)
	at org.eclipse.jetty.servlet.ServletHandler.doScope(ServletHandler.java:511)
	at org.eclipse.jetty.server.session.SessionHandler.doScope(SessionHandler.java:185)
	at org.eclipse.jetty.server.handler.ContextHandler.doScope(ContextHandler.java:1112)
	at org.eclipse.jetty.server.handler.ScopedHandler.handle(ScopedHandler.java:141)
	at org.eclipse.jetty.server.handler.ContextHandlerCollection.handle(ContextHandlerCollection.java:213)
	at org.eclipse.jetty.server.handler.HandlerCollection.handle(HandlerCollection.java:119)
	at org.eclipse.jetty.server.handler.HandlerWrapper.handle(HandlerWrapper.java:134)
	at org.eclipse.jetty.server.Server.handle(Server.java:524)
	at org.eclipse.jetty.server.HttpChannel.handle(HttpChannel.java:319)
	at org.eclipse.jetty.server.HttpConnection.onFillable(HttpConnection.java:253)
	at org.eclipse.jetty.io.AbstractConnection$ReadCallback.succeeded(AbstractConnection.java:273)
	at org.eclipse.jetty.io.FillInterest.fillable(FillInterest.java:95)
	at org.eclipse.jetty.io.SelectChannelEndPoint$2.run(SelectChannelEndPoint.java:93)
	at org.eclipse.jetty.util.thread.strategy.ExecuteProduceConsume.executeProduceConsume(ExecuteProduceConsume.java:303)
	at org.eclipse.jetty.util.thread.strategy.ExecuteProduceConsume.produceConsume(ExecuteProduceConsume.java:148)
	at org.eclipse.jetty.util.thread.strategy.ExecuteProduceConsume.run(ExecuteProduceConsume.java:136)
	at org.eclipse.jetty.util.thread.QueuedThreadPool.runJob(QueuedThreadPool.java:671)
	at org.eclipse.jetty.util.thread.QueuedThreadPool$2.run(QueuedThreadPool.java:589)
	at java.lang.Thread.run(Thread.java:745)
2018-01-18 16:59:32,444 INFO[com.yingjun.ssm.api.UserApiController:75]- 
2018-01-18 16:59:32,538 INFO[com.yingjun.ssm.service.impl.GoodsServiceImpl:47]- put cache with key:cache|getGoodsList|0|50
2018-01-18 16:59:32,553 INFO[com.yingjun.ssm.service.impl.OrderServiceImpl:34]- put cache with key:cache|getOrderList|0|50
2018-01-18 16:59:32,570 INFO[com.yingjun.ssm.service.impl.UserServiceImpl:41]- put cache with key:cache|getUserList|0|50
2018-01-18 16:59:32,659 INFO[com.yingjun.ssm.aop.BindingResultAop:29]- before method invoking!
2018-01-18 16:59:32,660 INFO[com.yingjun.ssm.web.UserController:66]- invoke----------/user/mineapi
2018-01-18 16:59:32,668 INFO[com.yingjun.ssm.service.impl.UserServiceImpl:73]- 查询到userPhone对应的数据+User [userId=1005, userName=admin, userPhone=15810628719, createTime=Thu Oct 26 17:43:09 CST 2017, score=6595]
2018-01-18 16:59:33,114 INFO[com.yingjun.ssm.api.UserApiController:41]- invoke----------/user/mine/api-------------apiController
2018-01-18 16:59:33,116 INFO[com.yingjun.ssm.service.impl.UserServiceImpl:73]- 查询到userPhone对应的数据+User [userId=1005, userName=admin, userPhone=15810628719, createTime=Thu Oct 26 17:43:09 CST 2017, score=6595]
2018-01-18 16:59:33,116 INFO[com.yingjun.ssm.api.UserApiController:53]- invoke----------/user/mine/api+result={msg=获取用户信息成功, code=10000, data=User [userId=1005, userName=admin, userPhone=15810628719, createTime=Thu Oct 26 17:43:09 CST 2017, score=6595]}
2018-01-18 16:59:40,798 INFO[com.yingjun.ssm.aop.BindingResultAop:29]- before method invoking!
2018-01-18 16:59:40,799 INFO[com.yingjun.ssm.web.GoodsController:35]- invoke----------/goods/list
2018-01-18 16:59:40,799 INFO[com.yingjun.ssm.service.impl.GoodsServiceImpl:42]- get cache with key:cache|getGoodsList|0|50
2018-01-18 17:00:00,001 INFO[com.yingjun.ssm.quartz.BizQuartz:48]- @Scheduled--------addUserScore()
2018-01-18 17:00:00,014 INFO[com.yingjun.ssm.quartz.BizQuartz:56]- @Scheduled-------cacheClear()
2018-01-18 17:01:00,002 INFO[com.yingjun.ssm.quartz.BizQuartz:48]- @Scheduled--------addUserScore()
2018-01-18 17:02:00,002 INFO[com.yingjun.ssm.quartz.BizQuartz:48]- @Scheduled--------addUserScore()
2018-01-18 17:03:00,001 INFO[com.yingjun.ssm.quartz.BizQuartz:48]- @Scheduled--------addUserScore()
2018-01-18 17:04:00,007 INFO[com.yingjun.ssm.quartz.BizQuartz:48]- @Scheduled--------addUserScore()
2018-01-18 17:04:57,460 WARN[org.springframework.web.servlet.handler.AbstractHandlerExceptionResolver:186]- Handler execution resulted in exception: Missing cookie 'userPhone' for method parameter of type Long
2018-01-18 17:05:00,007 INFO[com.yingjun.ssm.quartz.BizQuartz:48]- @Scheduled--------addUserScore()
2018-01-18 17:05:00,012 INFO[com.yingjun.ssm.quartz.BizQuartz:56]- @Scheduled-------cacheClear()
2018-01-18 17:05:09,001 INFO[com.yingjun.ssm.aop.BindingResultAop:29]- before method invoking!
2018-01-18 17:05:09,004 INFO[com.yingjun.ssm.web.UserController:119]- invoke----------/user/assert
2018-01-18 17:05:09,009 INFO[com.yingjun.ssm.service.impl.UserServiceImpl:54]- -----------id=1005
2018-01-18 17:05:10,166 INFO[com.yingjun.ssm.aop.BindingResultAop:29]- before method invoking!
2018-01-18 17:05:10,166 INFO[com.yingjun.ssm.web.UserController:66]- invoke----------/user/mineapi
2018-01-18 17:05:10,302 INFO[com.yingjun.ssm.api.UserApiController:41]- invoke----------/user/mine/api-------------apiController
2018-01-18 17:05:10,306 INFO[com.yingjun.ssm.service.impl.UserServiceImpl:73]- 查询到userPhone对应的数据+User [userId=1005, userName=admin, userPhone=15810628719, createTime=Thu Oct 26 17:43:09 CST 2017, score=6601]
2018-01-18 17:05:10,307 INFO[com.yingjun.ssm.api.UserApiController:53]- invoke----------/user/mine/api+result={msg=获取用户信息成功, code=10000, data=User [userId=1005, userName=admin, userPhone=15810628719, createTime=Thu Oct 26 17:43:09 CST 2017, score=6601]}
2018-01-18 17:05:50,795 INFO[com.yingjun.ssm.aop.BindingResultAop:29]- before method invoking!
2018-01-18 17:05:50,799 INFO[com.yingjun.ssm.web.GoodsController:35]- invoke----------/goods/list
2018-01-18 17:05:50,818 INFO[com.yingjun.ssm.service.impl.GoodsServiceImpl:47]- put cache with key:cache|getGoodsList|0|50
2018-01-18 17:06:00,001 INFO[com.yingjun.ssm.quartz.BizQuartz:48]- @Scheduled--------addUserScore()
2018-01-18 17:06:20,819 INFO[com.yingjun.ssm.aop.BindingResultAop:29]- before method invoking!
2018-01-18 17:06:20,823 INFO[com.yingjun.ssm.web.GoodsController:35]- invoke----------/goods/list
2018-01-18 17:06:20,824 INFO[com.yingjun.ssm.aop.BindingResultAop:29]- before method invoking!
2018-01-18 17:06:20,825 INFO[com.yingjun.ssm.web.OrdersController:26]- invoke----------/orders/list
2018-01-18 17:06:20,823 INFO[com.yingjun.ssm.aop.BindingResultAop:29]- before method invoking!
2018-01-18 17:06:20,828 INFO[com.yingjun.ssm.web.UserController:34]- invoke----------/user/list
2018-01-18 17:06:20,822 INFO[com.yingjun.ssm.api.UserApiController:60]- invoke----------/user/misc
java.net.MalformedURLException: no protocol: /goods/list
	at java.net.URL.<init>(URL.java:593)
	at java.net.URL.<init>(URL.java:490)
	at java.net.URL.<init>(URL.java:439)
	at com.yingjun.common.HttpRequest.HttpUtil.get(HttpUtil.java:27)
	at com.yingjun.ssm.api.UserApiController.getUserMisc(UserApiController.java:74)
	at sun.reflect.NativeMethodAccessorImpl.invoke0(Native Method)
	at sun.reflect.NativeMethodAccessorImpl.invoke(NativeMethodAccessorImpl.java:62)
	at sun.reflect.DelegatingMethodAccessorImpl.invoke(DelegatingMethodAccessorImpl.java:43)
	at java.lang.reflect.Method.invoke(Method.java:498)
	at org.springframework.web.method.support.InvocableHandlerMethod.doInvoke(InvocableHandlerMethod.java:221)
	at org.springframework.web.method.support.InvocableHandlerMethod.invokeForRequest(InvocableHandlerMethod.java:137)
	at org.springframework.web.servlet.mvc.method.annotation.ServletInvocableHandlerMethod.invokeAndHandle(ServletInvocableHandlerMethod.java:111)
	at org.springframework.web.servlet.mvc.method.annotation.RequestMappingHandlerAdapter.invokeHandlerMethod(RequestMappingHandlerAdapter.java:806)
	at org.springframework.web.servlet.mvc.method.annotation.RequestMappingHandlerAdapter.handleInternal(RequestMappingHandlerAdapter.java:729)
	at org.springframework.web.servlet.mvc.method.AbstractHandlerMethodAdapter.handle(AbstractHandlerMethodAdapter.java:85)
	at org.springframework.web.servlet.DispatcherServlet.doDispatch(DispatcherServlet.java:959)
	at org.springframework.web.servlet.DispatcherServlet.doService(DispatcherServlet.java:893)
	at org.springframework.web.servlet.FrameworkServlet.processRequest(FrameworkServlet.java:970)
	at org.springframework.web.servlet.FrameworkServlet.doGet(FrameworkServlet.java:861)
	at javax.servlet.http.HttpServlet.service(HttpServlet.java:687)
	at org.springframework.web.servlet.FrameworkServlet.service(FrameworkServlet.java:846)
	at javax.servlet.http.HttpServlet.service(HttpServlet.java:790)
	at org.eclipse.jetty.servlet.ServletHolder.handle(ServletHolder.java:845)
	at org.eclipse.jetty.servlet.ServletHandler$CachedChain.doFilter(ServletHandler.java:1689)
	at com.alibaba.druid.support.http.WebStatFilter.doFilter(WebStatFilter.java:123)
	at org.eclipse.jetty.servlet.ServletHandler$CachedChain.doFilter(ServletHandler.java:1668)
	at org.eclipse.jetty.servlet.ServletHandler.doHandle(ServletHandler.java:581)
	at org.eclipse.jetty.server.handler.ScopedHandler.handle(ScopedHandler.java:143)
	at org.eclipse.jetty.security.SecurityHandler.handle(SecurityHandler.java:548)
	at org.eclipse.jetty.server.session.SessionHandler.doHandle(SessionHandler.java:226)
	at org.eclipse.jetty.server.handler.ContextHandler.doHandle(ContextHandler.java:1180)
	at org.eclipse.jetty.servlet.ServletHandler.doScope(ServletHandler.java:511)
	at org.eclipse.jetty.server.session.SessionHandler.doScope(SessionHandler.java:185)
	at org.eclipse.jetty.server.handler.ContextHandler.doScope(ContextHandler.java:1112)
	at org.eclipse.jetty.server.handler.ScopedHandler.handle(ScopedHandler.java:141)
	at org.eclipse.jetty.server.handler.ContextHandlerCollection.handle(ContextHandlerCollection.java:213)
	at org.eclipse.jetty.server.handler.HandlerCollection.handle(HandlerCollection.java:119)
	at org.eclipse.jetty.server.handler.HandlerWrapper.handle(HandlerWrapper.java:134)
	at org.eclipse.jetty.server.Server.handle(Server.java:524)
	at org.eclipse.jetty.server.HttpChannel.handle(HttpChannel.java:319)
	at org.eclipse.jetty.server.HttpConnection.onFillable(HttpConnection.java:253)
	at org.eclipse.jetty.io.AbstractConnection$ReadCallback.succeeded(AbstractConnection.java:273)
	at org.eclipse.jetty.io.FillInterest.fillable(FillInterest.java:95)
	at org.eclipse.jetty.io.SelectChannelEndPoint$2.run(SelectChannelEndPoint.java:93)
	at org.eclipse.jetty.util.thread.strategy.ExecuteProduceConsume.executeProduceConsume(ExecuteProduceConsume.java:303)
	at org.eclipse.jetty.util.thread.strategy.ExecuteProduceConsume.produceConsume(ExecuteProduceConsume.java:148)
	at org.eclipse.jetty.util.thread.strategy.ExecuteProduceConsume.run(ExecuteProduceConsume.java:136)
	at org.eclipse.jetty.util.thread.QueuedThreadPool.runJob(QueuedThreadPool.java:671)
	at org.eclipse.jetty.util.thread.QueuedThreadPool$2.run(QueuedThreadPool.java:589)
	at java.lang.Thread.run(Thread.java:745)
2018-01-18 17:06:20,833 INFO[com.yingjun.ssm.api.UserApiController:75]- 
2018-01-18 17:06:20,826 INFO[com.yingjun.ssm.aop.BindingResultAop:29]- before method invoking!
2018-01-18 17:06:20,836 INFO[com.yingjun.ssm.web.UserController:44]- invoke----------/user/login
2018-01-18 17:06:20,869 INFO[com.yingjun.ssm.service.impl.GoodsServiceImpl:42]- get cache with key:cache|getGoodsList|0|50
2018-01-18 17:06:20,968 INFO[com.yingjun.ssm.service.impl.UserServiceImpl:41]- put cache with key:cache|getUserList|0|50
2018-01-18 17:06:21,004 INFO[com.yingjun.ssm.service.impl.OrderServiceImpl:34]- put cache with key:cache|getOrderList|0|50
2018-01-18 17:06:21,112 INFO[com.yingjun.ssm.aop.BindingResultAop:29]- before method invoking!
2018-01-18 17:06:21,113 INFO[com.yingjun.ssm.web.UserController:66]- invoke----------/user/mineapi
2018-01-18 17:06:21,134 INFO[com.yingjun.ssm.service.impl.UserServiceImpl:73]- 查询到userPhone对应的数据+User [userId=1005, userName=admin, userPhone=15810628719, createTime=Thu Oct 26 17:43:09 CST 2017, score=6602]
2018-01-18 17:06:21,563 INFO[com.yingjun.ssm.api.UserApiController:41]- invoke----------/user/mine/api-------------apiController
2018-01-18 17:06:21,566 INFO[com.yingjun.ssm.service.impl.UserServiceImpl:73]- 查询到userPhone对应的数据+User [userId=1005, userName=admin, userPhone=15810628719, createTime=Thu Oct 26 17:43:09 CST 2017, score=6602]
2018-01-18 17:06:21,566 INFO[com.yingjun.ssm.api.UserApiController:53]- invoke----------/user/mine/api+result={msg=获取用户信息成功, code=10000, data=User [userId=1005, userName=admin, userPhone=15810628719, createTime=Thu Oct 26 17:43:09 CST 2017, score=6602]}
2018-01-18 17:07:00,002 INFO[com.yingjun.ssm.quartz.BizQuartz:48]- @Scheduled--------addUserScore()
2018-01-18 17:08:00,001 INFO[com.yingjun.ssm.quartz.BizQuartz:48]- @Scheduled--------addUserScore()
2018-01-18 17:09:00,010 INFO[com.yingjun.ssm.quartz.BizQuartz:48]- @Scheduled--------addUserScore()
2018-01-18 17:09:04,325 INFO[com.yingjun.ssm.aop.BindingResultAop:29]- before method invoking!
2018-01-18 17:09:04,326 INFO[com.yingjun.ssm.web.UserController:44]- invoke----------/user/login
2018-01-18 17:09:07,615 INFO[com.yingjun.ssm.aop.BindingResultAop:29]- before method invoking!
2018-01-18 17:09:12,881 INFO[com.yingjun.ssm.aop.BindingResultAop:29]- before method invoking!
2018-01-18 17:09:12,884 INFO[com.yingjun.ssm.web.UserController:119]- invoke----------/user/assert
2018-01-18 17:09:18,407 INFO[com.yingjun.ssm.aop.BindingResultAop:29]- before method invoking!
2018-01-18 17:09:18,407 INFO[com.yingjun.ssm.web.UserController:119]- invoke----------/user/assert
2018-01-18 17:09:58,907 INFO[com.yingjun.ssm.aop.BindingResultAop:29]- before method invoking!
2018-01-18 17:09:58,910 INFO[com.yingjun.ssm.web.UserController:119]- invoke----------/user/assert
2018-01-18 17:09:58,915 INFO[com.yingjun.ssm.service.impl.UserServiceImpl:54]- -----------id=1005
2018-01-18 17:10:00,001 INFO[com.yingjun.ssm.quartz.BizQuartz:48]- @Scheduled--------addUserScore()
2018-01-18 17:10:00,012 INFO[com.yingjun.ssm.quartz.BizQuartz:56]- @Scheduled-------cacheClear()
2018-01-18 17:10:00,502 INFO[com.yingjun.ssm.aop.BindingResultAop:29]- before method invoking!
2018-01-18 17:10:00,503 INFO[com.yingjun.ssm.web.UserController:66]- invoke----------/user/mineapi
2018-01-18 17:10:00,683 INFO[com.yingjun.ssm.api.UserApiController:41]- invoke----------/user/mine/api-------------apiController
2018-01-18 17:10:00,688 INFO[com.yingjun.ssm.service.impl.UserServiceImpl:73]- 查询到userPhone对应的数据+User [userId=1005, userName=admin, userPhone=15810628719, createTime=Thu Oct 26 17:43:09 CST 2017, score=6606]
2018-01-18 17:10:00,688 INFO[com.yingjun.ssm.api.UserApiController:53]- invoke----------/user/mine/api+result={msg=获取用户信息成功, code=10000, data=User [userId=1005, userName=admin, userPhone=15810628719, createTime=Thu Oct 26 17:43:09 CST 2017, score=6606]}
2018-01-18 17:10:04,220 INFO[com.yingjun.ssm.aop.BindingResultAop:29]- before method invoking!
2018-01-18 17:10:04,221 INFO[com.yingjun.ssm.web.GoodsController:35]- invoke----------/goods/list
2018-01-18 17:10:04,225 INFO[com.yingjun.ssm.aop.BindingResultAop:29]- before method invoking!
2018-01-18 17:10:04,225 INFO[com.yingjun.ssm.web.OrdersController:26]- invoke----------/orders/list
2018-01-18 17:10:04,231 INFO[com.yingjun.ssm.aop.BindingResultAop:29]- before method invoking!
2018-01-18 17:10:04,231 INFO[com.yingjun.ssm.web.UserController:34]- invoke----------/user/list
2018-01-18 17:10:04,233 INFO[com.yingjun.ssm.api.UserApiController:60]- invoke----------/user/misc
2018-01-18 17:10:04,233 INFO[com.yingjun.ssm.aop.BindingResultAop:29]- before method invoking!
java.net.MalformedURLException: no protocol: /goods/list
2018-01-18 17:10:04,234 INFO[com.yingjun.ssm.web.UserController:44]- invoke----------/user/login
	at java.net.URL.<init>(URL.java:593)
	at java.net.URL.<init>(URL.java:490)
	at java.net.URL.<init>(URL.java:439)
	at com.yingjun.common.HttpRequest.HttpUtil.get(HttpUtil.java:27)
	at com.yingjun.ssm.api.UserApiController.getUserMisc(UserApiController.java:74)
	at sun.reflect.NativeMethodAccessorImpl.invoke0(Native Method)
	at sun.reflect.NativeMethodAccessorImpl.invoke(NativeMethodAccessorImpl.java:62)
	at sun.reflect.DelegatingMethodAccessorImpl.invoke(DelegatingMethodAccessorImpl.java:43)
	at java.lang.reflect.Method.invoke(Method.java:498)
	at org.springframework.web.method.support.InvocableHandlerMethod.doInvoke(InvocableHandlerMethod.java:221)
	at org.springframework.web.method.support.InvocableHandlerMethod.invokeForRequest(InvocableHandlerMethod.java:137)
	at org.springframework.web.servlet.mvc.method.annotation.ServletInvocableHandlerMethod.invokeAndHandle(ServletInvocableHandlerMethod.java:111)
	at org.springframework.web.servlet.mvc.method.annotation.RequestMappingHandlerAdapter.invokeHandlerMethod(RequestMappingHandlerAdapter.java:806)
	at org.springframework.web.servlet.mvc.method.annotation.RequestMappingHandlerAdapter.handleInternal(RequestMappingHandlerAdapter.java:729)
	at org.springframework.web.servlet.mvc.method.AbstractHandlerMethodAdapter.handle(AbstractHandlerMethodAdapter.java:85)
	at org.springframework.web.servlet.DispatcherServlet.doDispatch(DispatcherServlet.java:959)
	at org.springframework.web.servlet.DispatcherServlet.doService(DispatcherServlet.java:893)
	at org.springframework.web.servlet.FrameworkServlet.processRequest(FrameworkServlet.java:970)
	at org.springframework.web.servlet.FrameworkServlet.doGet(FrameworkServlet.java:861)
	at javax.servlet.http.HttpServlet.service(HttpServlet.java:687)
	at org.springframework.web.servlet.FrameworkServlet.service(FrameworkServlet.java:846)
	at javax.servlet.http.HttpServlet.service(HttpServlet.java:790)
	at org.eclipse.jetty.servlet.ServletHolder.handle(ServletHolder.java:845)
	at org.eclipse.jetty.servlet.ServletHandler$CachedChain.doFilter(ServletHandler.java:1689)
	at com.alibaba.druid.support.http.WebStatFilter.doFilter(WebStatFilter.java:123)
	at org.eclipse.jetty.servlet.ServletHandler$CachedChain.doFilter(ServletHandler.java:1668)
	at org.eclipse.jetty.servlet.ServletHandler.doHandle(ServletHandler.java:581)
	at org.eclipse.jetty.server.handler.ScopedHandler.handle(ScopedHandler.java:143)
	at org.eclipse.jetty.security.SecurityHandler.handle(SecurityHandler.java:548)
	at org.eclipse.jetty.server.session.SessionHandler.doHandle(SessionHandler.java:226)
	at org.eclipse.jetty.server.handler.ContextHandler.doHandle(ContextHandler.java:1180)
	at org.eclipse.jetty.servlet.ServletHandler.doScope(ServletHandler.java:511)
	at org.eclipse.jetty.server.session.SessionHandler.doScope(SessionHandler.java:185)
	at org.eclipse.jetty.server.handler.ContextHandler.doScope(ContextHandler.java:1112)
	at org.eclipse.jetty.server.handler.ScopedHandler.handle(ScopedHandler.java:141)
	at org.eclipse.jetty.server.handler.ContextHandlerCollection.handle(ContextHandlerCollection.java:213)
	at org.eclipse.jetty.server.handler.HandlerCollection.handle(HandlerCollection.java:119)
	at org.eclipse.jetty.server.handler.HandlerWrapper.handle(HandlerWrapper.java:134)
	at org.eclipse.jetty.server.Server.handle(Server.java:524)
	at org.eclipse.jetty.server.HttpChannel.handle(HttpChannel.java:319)
	at org.eclipse.jetty.server.HttpConnection.onFillable(HttpConnection.java:253)
	at org.eclipse.jetty.io.AbstractConnection$ReadCallback.succeeded(AbstractConnection.java:273)
	at org.eclipse.jetty.io.FillInterest.fillable(FillInterest.java:95)
	at org.eclipse.jetty.io.SelectChannelEndPoint$2.run(SelectChannelEndPoint.java:93)
	at org.eclipse.jetty.util.thread.strategy.ExecuteProduceConsume.executeProduceConsume(ExecuteProduceConsume.java:303)
	at org.eclipse.jetty.util.thread.strategy.ExecuteProduceConsume.produceConsume(ExecuteProduceConsume.java:148)
	at org.eclipse.jetty.util.thread.strategy.ExecuteProduceConsume.run(ExecuteProduceConsume.java:136)
	at org.eclipse.jetty.util.thread.QueuedThreadPool.runJob(QueuedThreadPool.java:671)
	at org.eclipse.jetty.util.thread.QueuedThreadPool$2.run(QueuedThreadPool.java:589)
	at java.lang.Thread.run(Thread.java:745)
2018-01-18 17:10:04,235 INFO[com.yingjun.ssm.api.UserApiController:75]- 
2018-01-18 17:10:04,333 INFO[com.yingjun.ssm.service.impl.GoodsServiceImpl:47]- put cache with key:cache|getGoodsList|0|50
2018-01-18 17:10:04,375 INFO[com.yingjun.ssm.service.impl.OrderServiceImpl:34]- put cache with key:cache|getOrderList|0|50
2018-01-18 17:10:04,403 INFO[com.yingjun.ssm.service.impl.UserServiceImpl:41]- put cache with key:cache|getUserList|0|50
2018-01-18 17:10:04,485 INFO[com.yingjun.ssm.aop.BindingResultAop:29]- before method invoking!
2018-01-18 17:10:04,485 INFO[com.yingjun.ssm.web.UserController:66]- invoke----------/user/mineapi
2018-01-18 17:10:04,491 INFO[com.yingjun.ssm.service.impl.UserServiceImpl:73]- 查询到userPhone对应的数据+User [userId=1005, userName=admin, userPhone=15810628719, createTime=Thu Oct 26 17:43:09 CST 2017, score=6606]
2018-01-18 17:10:05,043 INFO[com.yingjun.ssm.api.UserApiController:41]- invoke----------/user/mine/api-------------apiController
2018-01-18 17:10:05,058 INFO[com.yingjun.ssm.service.impl.UserServiceImpl:73]- 查询到userPhone对应的数据+User [userId=1005, userName=admin, userPhone=15810628719, createTime=Thu Oct 26 17:43:09 CST 2017, score=6606]
2018-01-18 17:10:05,058 INFO[com.yingjun.ssm.api.UserApiController:53]- invoke----------/user/mine/api+result={msg=获取用户信息成功, code=10000, data=User [userId=1005, userName=admin, userPhone=15810628719, createTime=Thu Oct 26 17:43:09 CST 2017, score=6606]}
2018-01-18 17:11:00,002 INFO[com.yingjun.ssm.quartz.BizQuartz:48]- @Scheduled--------addUserScore()
2018-01-18 17:12:00,004 INFO[com.yingjun.ssm.quartz.BizQuartz:48]- @Scheduled--------addUserScore()
2018-01-18 17:13:00,002 INFO[com.yingjun.ssm.quartz.BizQuartz:48]- @Scheduled--------addUserScore()
2018-01-18 17:14:00,001 INFO[com.yingjun.ssm.quartz.BizQuartz:48]- @Scheduled--------addUserScore()
2018-01-18 17:15:00,003 INFO[com.yingjun.ssm.quartz.BizQuartz:48]- @Scheduled--------addUserScore()
2018-01-18 17:15:00,014 INFO[com.yingjun.ssm.quartz.BizQuartz:56]- @Scheduled-------cacheClear()
2018-01-18 17:16:00,004 INFO[com.yingjun.ssm.quartz.BizQuartz:48]- @Scheduled--------addUserScore()
2018-01-18 17:17:00,002 INFO[com.yingjun.ssm.quartz.BizQuartz:48]- @Scheduled--------addUserScore()
2018-01-18 17:18:00,003 INFO[com.yingjun.ssm.quartz.BizQuartz:48]- @Scheduled--------addUserScore()
2018-01-18 17:19:00,005 INFO[com.yingjun.ssm.quartz.BizQuartz:48]- @Scheduled--------addUserScore()
2018-01-18 17:20:00,004 INFO[com.yingjun.ssm.quartz.BizQuartz:48]- @Scheduled--------addUserScore()
2018-01-18 17:20:00,012 INFO[com.yingjun.ssm.quartz.BizQuartz:56]- @Scheduled-------cacheClear()
2018-01-18 17:21:00,005 INFO[com.yingjun.ssm.quartz.BizQuartz:48]- @Scheduled--------addUserScore()
2018-01-18 17:22:00,001 INFO[com.yingjun.ssm.quartz.BizQuartz:48]- @Scheduled--------addUserScore()
2018-01-18 17:23:00,004 INFO[com.yingjun.ssm.quartz.BizQuartz:48]- @Scheduled--------addUserScore()
2018-01-18 17:24:00,001 INFO[com.yingjun.ssm.quartz.BizQuartz:48]- @Scheduled--------addUserScore()
2018-01-18 17:25:00,004 INFO[com.yingjun.ssm.quartz.BizQuartz:48]- @Scheduled--------addUserScore()
2018-01-18 17:25:00,013 INFO[com.yingjun.ssm.quartz.BizQuartz:56]- @Scheduled-------cacheClear()
2018-01-18 17:26:00,001 INFO[com.yingjun.ssm.quartz.BizQuartz:48]- @Scheduled--------addUserScore()
2018-01-18 17:27:00,003 INFO[com.yingjun.ssm.quartz.BizQuartz:48]- @Scheduled--------addUserScore()
2018-01-18 17:28:00,006 INFO[com.yingjun.ssm.quartz.BizQuartz:48]- @Scheduled--------addUserScore()
2018-01-18 17:29:00,001 INFO[com.yingjun.ssm.quartz.BizQuartz:48]- @Scheduled--------addUserScore()
2018-01-18 17:30:00,001 INFO[com.yingjun.ssm.quartz.BizQuartz:48]- @Scheduled--------addUserScore()
2018-01-18 17:30:00,011 INFO[com.yingjun.ssm.quartz.BizQuartz:56]- @Scheduled-------cacheClear()
2018-01-18 17:31:00,003 INFO[com.yingjun.ssm.quartz.BizQuartz:48]- @Scheduled--------addUserScore()
2018-01-18 17:32:00,004 INFO[com.yingjun.ssm.quartz.BizQuartz:48]- @Scheduled--------addUserScore()
2018-01-18 17:33:00,001 INFO[com.yingjun.ssm.quartz.BizQuartz:48]- @Scheduled--------addUserScore()
2018-01-18 17:34:00,001 INFO[com.yingjun.ssm.quartz.BizQuartz:48]- @Scheduled--------addUserScore()
2018-01-18 17:35:00,005 INFO[com.yingjun.ssm.quartz.BizQuartz:48]- @Scheduled--------addUserScore()
2018-01-18 17:35:00,008 INFO[com.yingjun.ssm.quartz.BizQuartz:56]- @Scheduled-------cacheClear()
2018-01-18 17:36:00,004 INFO[com.yingjun.ssm.quartz.BizQuartz:48]- @Scheduled--------addUserScore()
2018-01-18 17:37:00,005 INFO[com.yingjun.ssm.quartz.BizQuartz:48]- @Scheduled--------addUserScore()
2018-01-18 17:38:00,003 INFO[com.yingjun.ssm.quartz.BizQuartz:48]- @Scheduled--------addUserScore()
2018-01-18 17:39:00,001 INFO[com.yingjun.ssm.quartz.BizQuartz:48]- @Scheduled--------addUserScore()
2018-01-18 17:40:00,001 INFO[com.yingjun.ssm.quartz.BizQuartz:48]- @Scheduled--------addUserScore()
2018-01-18 17:40:00,010 INFO[com.yingjun.ssm.quartz.BizQuartz:56]- @Scheduled-------cacheClear()
2018-01-18 17:41:00,003 INFO[com.yingjun.ssm.quartz.BizQuartz:48]- @Scheduled--------addUserScore()
2018-01-18 17:42:00,003 INFO[com.yingjun.ssm.quartz.BizQuartz:48]- @Scheduled--------addUserScore()
2018-01-18 17:43:00,002 INFO[com.yingjun.ssm.quartz.BizQuartz:48]- @Scheduled--------addUserScore()
2018-01-18 17:44:00,004 INFO[com.yingjun.ssm.quartz.BizQuartz:48]- @Scheduled--------addUserScore()
2018-01-18 17:45:00,005 INFO[com.yingjun.ssm.quartz.BizQuartz:48]- @Scheduled--------addUserScore()
2018-01-18 17:45:00,012 INFO[com.yingjun.ssm.quartz.BizQuartz:56]- @Scheduled-------cacheClear()
2018-01-18 17:46:00,001 INFO[com.yingjun.ssm.quartz.BizQuartz:48]- @Scheduled--------addUserScore()
2018-01-18 17:47:00,003 INFO[com.yingjun.ssm.quartz.BizQuartz:48]- @Scheduled--------addUserScore()
2018-01-18 17:48:00,004 INFO[com.yingjun.ssm.quartz.BizQuartz:48]- @Scheduled--------addUserScore()
2018-01-18 17:49:00,001 INFO[com.yingjun.ssm.quartz.BizQuartz:48]- @Scheduled--------addUserScore()
